<?xml version="1.0" encoding="UTF-8"?>
<!-- Generated by org.testng.reporters.JUnitXMLReporter -->
<testsuite ignored="0" hostname="LAPTOP-MBBB27C3" failures="2" tests="2" name="Test" time="12.094" errors="0" timestamp="28 May 2021 01:36:22 GMT">
  <testcase classname="com.BP.qa.tests.LoginPageTest" name="invalidLogin" time="0.065">
    <failure type="java.io.FileNotFoundException" message=":\Users\jhali\git\Framework-POO-TestNG-Reports-Logs-Integrations\MyStore\src\test\resources\excel\testdata.xlsx (The filename, directory name, or volume label syntax is incorrect)">
      <![CDATA[java.io.FileNotFoundException: :\Users\jhali\git\Framework-POO-TestNG-Reports-Logs-Integrations\MyStore\src\test\resources\excel\testdata.xlsx (The filename, directory name, or volume label syntax is incorrect)
at java.base/java.io.FileInputStream.open0(Native Method)
at java.base/java.io.FileInputStream.open(FileInputStream.java:211)
at java.base/java.io.FileInputStream.<init>(FileInputStream.java:153)
at java.base/java.io.FileInputStream.<init>(FileInputStream.java:108)
at com.BP.qa.utils.ExcelUtils.getCellStringData(ExcelUtils.java:20)
at com.BP.qa.tests.LoginPageTest.invalidLogin(LoginPageTest.java:14)
... Removed 25 stack frames]]>
    </failure>
  </testcase> <!-- invalidLogin -->
  <testcase classname="com.BP.qa.tests.LoginPageTest" name="invalidLoginWrongPass" time="0.002">
    <failure type="java.io.FileNotFoundException" message=":\Users\jhali\git\Framework-POO-TestNG-Reports-Logs-Integrations\MyStore\src\test\resources\excel\testdata.xlsx (The filename, directory name, or volume label syntax is incorrect)">
      <![CDATA[java.io.FileNotFoundException: :\Users\jhali\git\Framework-POO-TestNG-Reports-Logs-Integrations\MyStore\src\test\resources\excel\testdata.xlsx (The filename, directory name, or volume label syntax is incorrect)
at java.base/java.io.FileInputStream.open0(Native Method)
at java.base/java.io.FileInputStream.open(FileInputStream.java:211)
at java.base/java.io.FileInputStream.<init>(FileInputStream.java:153)
at java.base/java.io.FileInputStream.<init>(FileInputStream.java:108)
at com.BP.qa.utils.ExcelUtils.getCellStringData(ExcelUtils.java:20)
at com.BP.qa.tests.LoginPageTest.invalidLoginWrongPass(LoginPageTest.java:23)
... Removed 25 stack frames]]>
    </failure>
  </testcase> <!-- invalidLoginWrongPass -->
</testsuite> <!-- Test -->
