<?xml version="1.0" encoding="UTF-8"?>
<!-- Generated by org.testng.reporters.JUnitXMLReporter -->
<testsuite ignored="0" hostname="LAPTOP-MBBB27C3" failures="0" tests="3" name="Default test" time="37.354" errors="0" timestamp="28 May 2021 02:24:40 GMT">
  <testcase classname="com.BP.qa.tests.LoginPageTest" name="invalidLoginWrongUserName" time="8.871"/>
  <testcase classname="com.BP.qa.tests.LoginPageTest" name="invalidLoginWrongPass" time="8.435"/>
  <testcase classname="com.BP.qa.tests.LoginPageTest" name="validLogin" time="8.452"/>
</testsuite> <!-- Default test -->
